
* Info: Selecting the 'perf-low-ppn' engine for node lucasPc

* Info: Process launched (host lucasPc, process 31819)3.07 cycles/innermost loop iter 
2.78 cycles/innermost loop iter 
2.96 cycles/innermost loop iter 
3.87 cycles/innermost loop iter 
3.34 cycles/innermost loop iter 
3.10 cycles/innermost loop iter 
3.76 cycles/innermost loop iter 
3.04 cycles/innermost loop iter 
2.91 cycles/innermost loop iter 
2.94 cycles/innermost loop iter 
2.85 cycles/innermost loop iter 
3.27 cycles/innermost loop iter 
2.87 cycles/innermost loop iter 
2.95 cycles/innermost loop iter 
3.22 cycles/innermost loop iter 
2.86 cycles/innermost loop iter 
2.86 cycles/innermost loop iter 
2.99 cycles/innermost loop iter 
3.96 cycles/innermost loop iter 
3.51 cycles/innermost loop iter 
5.82 cycles/innermost loop iter 
3.28 cycles/innermost loop iter 
2.87 cycles/innermost loop iter 
3.10 cycles/innermost loop iter 
3.34 cycles/innermost loop iter 
3.21 cycles/innermost loop iter 
2.88 cycles/innermost loop iter 
2.85 cycles/innermost loop iter 
2.81 cycles/innermost loop iter 
3.28 cycles/innermost loop iter 
3.00 cycles/innermost loop iter 

* Info: Process finished (host lucasPc, process 31819)
* Info: Dumping samples (host lucasPc, process 31819)
* Info: Dumping source info for callchain nodes (host lucasPc, process 31819)
* Info: Building/writing metadata (host lucasPc)
* Info: Finished collect step (host lucasPc, process 31819)

Your experiment path is /home/lucas/AOA/maqao_2022-04-02_18-11-32/tools/lprof_npsu_run_0

To display your profiling results:
############################################################################################################################
#    LEVEL    |     REPORT     |                                          COMMAND                                          #
############################################################################################################################
#  Functions  |  Cluster-wide  |  maqao lprof -df xp=/home/lucas/AOA/maqao_2022-04-02_18-11-32/tools/lprof_npsu_run_0      #
#  Functions  |  Per-node      |  maqao lprof -df -dn xp=/home/lucas/AOA/maqao_2022-04-02_18-11-32/tools/lprof_npsu_run_0  #
#  Functions  |  Per-process   |  maqao lprof -df -dp xp=/home/lucas/AOA/maqao_2022-04-02_18-11-32/tools/lprof_npsu_run_0  #
#  Functions  |  Per-thread    |  maqao lprof -df -dt xp=/home/lucas/AOA/maqao_2022-04-02_18-11-32/tools/lprof_npsu_run_0  #
#  Loops      |  Cluster-wide  |  maqao lprof -dl xp=/home/lucas/AOA/maqao_2022-04-02_18-11-32/tools/lprof_npsu_run_0      #
#  Loops      |  Per-node      |  maqao lprof -dl -dn xp=/home/lucas/AOA/maqao_2022-04-02_18-11-32/tools/lprof_npsu_run_0  #
#  Loops      |  Per-process   |  maqao lprof -dl -dp xp=/home/lucas/AOA/maqao_2022-04-02_18-11-32/tools/lprof_npsu_run_0  #
#  Loops      |  Per-thread    |  maqao lprof -dl -dt xp=/home/lucas/AOA/maqao_2022-04-02_18-11-32/tools/lprof_npsu_run_0  #
############################################################################################################################

