
* Info: Selecting the 'perf-low-ppn' engine for node lucasPc

* Info: Process launched (host lucasPc, process 31649)3.08 cycles/innermost loop iter 
3.10 cycles/innermost loop iter 
3.12 cycles/innermost loop iter 
3.08 cycles/innermost loop iter 
3.12 cycles/innermost loop iter 
3.18 cycles/innermost loop iter 
3.23 cycles/innermost loop iter 
3.07 cycles/innermost loop iter 
3.10 cycles/innermost loop iter 
3.08 cycles/innermost loop iter 
3.57 cycles/innermost loop iter 
3.17 cycles/innermost loop iter 
3.12 cycles/innermost loop iter 
3.12 cycles/innermost loop iter 
3.17 cycles/innermost loop iter 
3.15 cycles/innermost loop iter 
3.11 cycles/innermost loop iter 
3.13 cycles/innermost loop iter 
3.11 cycles/innermost loop iter 
3.19 cycles/innermost loop iter 
3.17 cycles/innermost loop iter 
3.12 cycles/innermost loop iter 
3.08 cycles/innermost loop iter 
3.10 cycles/innermost loop iter 
3.09 cycles/innermost loop iter 
3.08 cycles/innermost loop iter 
3.08 cycles/innermost loop iter 
3.06 cycles/innermost loop iter 
3.08 cycles/innermost loop iter 
3.07 cycles/innermost loop iter 
3.08 cycles/innermost loop iter 

* Info: Process finished (host lucasPc, process 31649)
* Info: Dumping samples (host lucasPc, process 31649)
* Info: Dumping source info for callchain nodes (host lucasPc, process 31649)
* Info: Building/writing metadata (host lucasPc)
* Info: Finished collect step (host lucasPc, process 31649)

Your experiment path is /home/lucas/AOA/maqao_2022-04-02_18-03-33/tools/lprof_npsu_run_0

To display your profiling results:
############################################################################################################################
#    LEVEL    |     REPORT     |                                          COMMAND                                          #
############################################################################################################################
#  Functions  |  Cluster-wide  |  maqao lprof -df xp=/home/lucas/AOA/maqao_2022-04-02_18-03-33/tools/lprof_npsu_run_0      #
#  Functions  |  Per-node      |  maqao lprof -df -dn xp=/home/lucas/AOA/maqao_2022-04-02_18-03-33/tools/lprof_npsu_run_0  #
#  Functions  |  Per-process   |  maqao lprof -df -dp xp=/home/lucas/AOA/maqao_2022-04-02_18-03-33/tools/lprof_npsu_run_0  #
#  Functions  |  Per-thread    |  maqao lprof -df -dt xp=/home/lucas/AOA/maqao_2022-04-02_18-03-33/tools/lprof_npsu_run_0  #
#  Loops      |  Cluster-wide  |  maqao lprof -dl xp=/home/lucas/AOA/maqao_2022-04-02_18-03-33/tools/lprof_npsu_run_0      #
#  Loops      |  Per-node      |  maqao lprof -dl -dn xp=/home/lucas/AOA/maqao_2022-04-02_18-03-33/tools/lprof_npsu_run_0  #
#  Loops      |  Per-process   |  maqao lprof -dl -dp xp=/home/lucas/AOA/maqao_2022-04-02_18-03-33/tools/lprof_npsu_run_0  #
#  Loops      |  Per-thread    |  maqao lprof -dl -dt xp=/home/lucas/AOA/maqao_2022-04-02_18-03-33/tools/lprof_npsu_run_0  #
############################################################################################################################

