
* Info: Selecting the 'perf-low-ppn' engine for node knl07

* Info: Process launched (host knl07, process 221022)20.54 cycles/innermost loop iter 
20.77 cycles/innermost loop iter 
20.56 cycles/innermost loop iter 
20.53 cycles/innermost loop iter 
20.56 cycles/innermost loop iter 
20.52 cycles/innermost loop iter 
20.52 cycles/innermost loop iter 
20.57 cycles/innermost loop iter 
20.53 cycles/innermost loop iter 
20.55 cycles/innermost loop iter 
20.52 cycles/innermost loop iter 
20.51 cycles/innermost loop iter 
20.52 cycles/innermost loop iter 
20.52 cycles/innermost loop iter 
20.53 cycles/innermost loop iter 
20.54 cycles/innermost loop iter 
20.51 cycles/innermost loop iter 
20.51 cycles/innermost loop iter 
20.51 cycles/innermost loop iter 
20.52 cycles/innermost loop iter 
20.55 cycles/innermost loop iter 
20.54 cycles/innermost loop iter 
20.52 cycles/innermost loop iter 
20.52 cycles/innermost loop iter 
20.51 cycles/innermost loop iter 
20.51 cycles/innermost loop iter 
20.56 cycles/innermost loop iter 
20.52 cycles/innermost loop iter 
20.53 cycles/innermost loop iter 
20.53 cycles/innermost loop iter 
20.51 cycles/innermost loop iter 

* Info: Process finished (host knl07, process 221022)
* Info: Dumping samples (host knl07, process 221022)
* Info: Dumping source info for callchain nodes (host knl07, process 221022)
* Info: Building/writing metadata (host knl07)
* Info: Finished collect step (host knl07, process 221022)

Your experiment path is /users/user4442/AOA_Etude_de_cas/maqao_2022-04-02_18-57-15/tools/lprof_npsu_run_0

To display your profiling results:
#############################################################################################################################################
#    LEVEL    |     REPORT     |                                                  COMMAND                                                   #
#############################################################################################################################################
#  Functions  |  Cluster-wide  |  maqao lprof -df xp=/users/user4442/AOA_Etude_de_cas/maqao_2022-04-02_18-57-15/tools/lprof_npsu_run_0      #
#  Functions  |  Per-node      |  maqao lprof -df -dn xp=/users/user4442/AOA_Etude_de_cas/maqao_2022-04-02_18-57-15/tools/lprof_npsu_run_0  #
#  Functions  |  Per-process   |  maqao lprof -df -dp xp=/users/user4442/AOA_Etude_de_cas/maqao_2022-04-02_18-57-15/tools/lprof_npsu_run_0  #
#  Functions  |  Per-thread    |  maqao lprof -df -dt xp=/users/user4442/AOA_Etude_de_cas/maqao_2022-04-02_18-57-15/tools/lprof_npsu_run_0  #
#  Loops      |  Cluster-wide  |  maqao lprof -dl xp=/users/user4442/AOA_Etude_de_cas/maqao_2022-04-02_18-57-15/tools/lprof_npsu_run_0      #
#  Loops      |  Per-node      |  maqao lprof -dl -dn xp=/users/user4442/AOA_Etude_de_cas/maqao_2022-04-02_18-57-15/tools/lprof_npsu_run_0  #
#  Loops      |  Per-process   |  maqao lprof -dl -dp xp=/users/user4442/AOA_Etude_de_cas/maqao_2022-04-02_18-57-15/tools/lprof_npsu_run_0  #
#  Loops      |  Per-thread    |  maqao lprof -dl -dt xp=/users/user4442/AOA_Etude_de_cas/maqao_2022-04-02_18-57-15/tools/lprof_npsu_run_0  #
#############################################################################################################################################

