
* Info: Selecting the 'perf-low-ppn' engine for node knl07

* Info: Process launched (host knl07, process 221780)21.54 cycles/innermost loop iter 
21.53 cycles/innermost loop iter 
21.54 cycles/innermost loop iter 
21.52 cycles/innermost loop iter 
21.46 cycles/innermost loop iter 
21.46 cycles/innermost loop iter 
21.46 cycles/innermost loop iter 
21.46 cycles/innermost loop iter 
21.50 cycles/innermost loop iter 
21.46 cycles/innermost loop iter 
21.45 cycles/innermost loop iter 
21.45 cycles/innermost loop iter 
21.48 cycles/innermost loop iter 
21.51 cycles/innermost loop iter 
21.53 cycles/innermost loop iter 
21.98 cycles/innermost loop iter 
21.48 cycles/innermost loop iter 
22.06 cycles/innermost loop iter 
22.77 cycles/innermost loop iter 
21.72 cycles/innermost loop iter 
21.61 cycles/innermost loop iter 
21.53 cycles/innermost loop iter 
21.51 cycles/innermost loop iter 
21.54 cycles/innermost loop iter 
21.52 cycles/innermost loop iter 
21.52 cycles/innermost loop iter 
21.46 cycles/innermost loop iter 
21.48 cycles/innermost loop iter 
21.62 cycles/innermost loop iter 
21.46 cycles/innermost loop iter 
21.47 cycles/innermost loop iter 

* Info: Process finished (host knl07, process 221780)
* Info: Dumping samples (host knl07, process 221780)
* Info: Dumping source info for callchain nodes (host knl07, process 221780)
* Info: Building/writing metadata (host knl07)
* Info: Finished collect step (host knl07, process 221780)

Your experiment path is /users/user4442/AOA_Etude_de_cas/maqao_2022-04-02_19-01-13/tools/lprof_npsu_run_0

To display your profiling results:
#############################################################################################################################################
#    LEVEL    |     REPORT     |                                                  COMMAND                                                   #
#############################################################################################################################################
#  Functions  |  Cluster-wide  |  maqao lprof -df xp=/users/user4442/AOA_Etude_de_cas/maqao_2022-04-02_19-01-13/tools/lprof_npsu_run_0      #
#  Functions  |  Per-node      |  maqao lprof -df -dn xp=/users/user4442/AOA_Etude_de_cas/maqao_2022-04-02_19-01-13/tools/lprof_npsu_run_0  #
#  Functions  |  Per-process   |  maqao lprof -df -dp xp=/users/user4442/AOA_Etude_de_cas/maqao_2022-04-02_19-01-13/tools/lprof_npsu_run_0  #
#  Functions  |  Per-thread    |  maqao lprof -df -dt xp=/users/user4442/AOA_Etude_de_cas/maqao_2022-04-02_19-01-13/tools/lprof_npsu_run_0  #
#  Loops      |  Cluster-wide  |  maqao lprof -dl xp=/users/user4442/AOA_Etude_de_cas/maqao_2022-04-02_19-01-13/tools/lprof_npsu_run_0      #
#  Loops      |  Per-node      |  maqao lprof -dl -dn xp=/users/user4442/AOA_Etude_de_cas/maqao_2022-04-02_19-01-13/tools/lprof_npsu_run_0  #
#  Loops      |  Per-process   |  maqao lprof -dl -dp xp=/users/user4442/AOA_Etude_de_cas/maqao_2022-04-02_19-01-13/tools/lprof_npsu_run_0  #
#  Loops      |  Per-thread    |  maqao lprof -dl -dt xp=/users/user4442/AOA_Etude_de_cas/maqao_2022-04-02_19-01-13/tools/lprof_npsu_run_0  #
#############################################################################################################################################

