
* Info: Selecting the 'perf-low-ppn' engine for node knl03

* Info: Process launched (host knl03, process 1146693)
[1mTotal memory size:[0m 23592960000 B, 23040000 KiB, 22500 MiB

[1m Step    Time, s Interact/s  GFLOP/s[0m
    0  9.227e-02  2.909e+09     66.9 *
    1  9.199e-02  2.918e+09     67.1 *
    2  9.193e-02  2.920e+09     67.2 *
    3  9.194e-02  2.920e+09     67.2 
    4  9.191e-02  2.920e+09     67.2 
    5  9.192e-02  2.920e+09     67.2 
    6  9.194e-02  2.919e+09     67.1 
    7  9.191e-02  2.921e+09     67.2 
    8  9.190e-02  2.921e+09     67.2 
    9  9.267e-02  2.896e+09     66.6 
-----------------------------------------------------
[1mAverage performance:      [42m      67.1 +- 0.2 GFLOP/s[0m
-----------------------------------------------------

* Info: Process finished (host knl03, process 1146693)
* Info: Dumping samples (host knl03, process 1146693)
* Info: Dumping source info for callchain nodes (host knl03, process 1146693)
* Info: Building/writing metadata (host knl03)
* Info: Finished collect step (host knl03, process 1146693)

Your experiment path is /users/user4427/Project/nbody3D/maqao_2022-03-03_22-03-33/tools/lprof_npsu_run_0

To display your profiling results:
#################################################################################################
#    LEVEL    |     REPORT     |                            COMMAND                             #
#################################################################################################
#  Functions  |  Cluster-wide  |  maqao lprof -df xp=/users/user4427/Project/nbody3D/maqao_202  #
#  Functions  |  Per-node      |  maqao lprof -df -dn xp=/users/user4427/Project/nbody3D/maqao  #
#  Functions  |  Per-process   |  maqao lprof -df -dp xp=/users/user4427/Project/nbody3D/maqao  #
#  Functions  |  Per-thread    |  maqao lprof -df -dt xp=/users/user4427/Project/nbody3D/maqao  #
#  Loops      |  Cluster-wide  |  maqao lprof -dl xp=/users/user4427/Project/nbody3D/maqao_202  #
#  Loops      |  Per-node      |  maqao lprof -dl -dn xp=/users/user4427/Project/nbody3D/maqao  #
#  Loops      |  Per-process   |  maqao lprof -dl -dp xp=/users/user4427/Project/nbody3D/maqao  #
#  Loops      |  Per-thread    |  maqao lprof -dl -dt xp=/users/user4427/Project/nbody3D/maqao  #
#################################################################################################

