
* Info: Selecting the 'perf-low-ppn' engine for node lucasPc

* Info: Process launched (host lucasPc, process 29414)2.48 cycles/innermost loop iter 
2.40 cycles/innermost loop iter 
2.43 cycles/innermost loop iter 
2.44 cycles/innermost loop iter 
2.40 cycles/innermost loop iter 
2.41 cycles/innermost loop iter 
2.41 cycles/innermost loop iter 
2.41 cycles/innermost loop iter 
2.39 cycles/innermost loop iter 
2.41 cycles/innermost loop iter 
2.40 cycles/innermost loop iter 
2.40 cycles/innermost loop iter 
2.45 cycles/innermost loop iter 
2.38 cycles/innermost loop iter 
2.40 cycles/innermost loop iter 
2.42 cycles/innermost loop iter 
2.41 cycles/innermost loop iter 
2.41 cycles/innermost loop iter 
2.40 cycles/innermost loop iter 
2.40 cycles/innermost loop iter 
2.42 cycles/innermost loop iter 
2.41 cycles/innermost loop iter 
2.40 cycles/innermost loop iter 
2.40 cycles/innermost loop iter 
2.39 cycles/innermost loop iter 
2.39 cycles/innermost loop iter 
2.43 cycles/innermost loop iter 
2.40 cycles/innermost loop iter 
2.39 cycles/innermost loop iter 
2.40 cycles/innermost loop iter 
2.43 cycles/innermost loop iter 

* Info: Process finished (host lucasPc, process 29414)
* Info: Dumping samples (host lucasPc, process 29414)
* Info: Dumping source info for callchain nodes (host lucasPc, process 29414)
* Info: Building/writing metadata (host lucasPc)
* Info: Finished collect step (host lucasPc, process 29414)

Your experiment path is /home/lucas/AOA/maqao_2022-04-02_17-03-38/tools/lprof_npsu_run_0

To display your profiling results:
############################################################################################################################
#    LEVEL    |     REPORT     |                                          COMMAND                                          #
############################################################################################################################
#  Functions  |  Cluster-wide  |  maqao lprof -df xp=/home/lucas/AOA/maqao_2022-04-02_17-03-38/tools/lprof_npsu_run_0      #
#  Functions  |  Per-node      |  maqao lprof -df -dn xp=/home/lucas/AOA/maqao_2022-04-02_17-03-38/tools/lprof_npsu_run_0  #
#  Functions  |  Per-process   |  maqao lprof -df -dp xp=/home/lucas/AOA/maqao_2022-04-02_17-03-38/tools/lprof_npsu_run_0  #
#  Functions  |  Per-thread    |  maqao lprof -df -dt xp=/home/lucas/AOA/maqao_2022-04-02_17-03-38/tools/lprof_npsu_run_0  #
#  Loops      |  Cluster-wide  |  maqao lprof -dl xp=/home/lucas/AOA/maqao_2022-04-02_17-03-38/tools/lprof_npsu_run_0      #
#  Loops      |  Per-node      |  maqao lprof -dl -dn xp=/home/lucas/AOA/maqao_2022-04-02_17-03-38/tools/lprof_npsu_run_0  #
#  Loops      |  Per-process   |  maqao lprof -dl -dp xp=/home/lucas/AOA/maqao_2022-04-02_17-03-38/tools/lprof_npsu_run_0  #
#  Loops      |  Per-thread    |  maqao lprof -dl -dt xp=/home/lucas/AOA/maqao_2022-04-02_17-03-38/tools/lprof_npsu_run_0  #
############################################################################################################################

