
* Info: Selecting the 'perf-low-ppn' engine for node lucasPc

* Info: Process launched (host lucasPc, process 29298)2.57 cycles/innermost loop iter 
2.96 cycles/innermost loop iter 
2.44 cycles/innermost loop iter 
2.50 cycles/innermost loop iter 
2.47 cycles/innermost loop iter 
2.44 cycles/innermost loop iter 
2.45 cycles/innermost loop iter 
2.45 cycles/innermost loop iter 
2.43 cycles/innermost loop iter 
2.46 cycles/innermost loop iter 
2.44 cycles/innermost loop iter 
2.48 cycles/innermost loop iter 
2.47 cycles/innermost loop iter 
2.47 cycles/innermost loop iter 
2.45 cycles/innermost loop iter 
2.47 cycles/innermost loop iter 
2.45 cycles/innermost loop iter 
2.45 cycles/innermost loop iter 
2.45 cycles/innermost loop iter 
2.44 cycles/innermost loop iter 
2.45 cycles/innermost loop iter 
2.44 cycles/innermost loop iter 
2.47 cycles/innermost loop iter 
2.48 cycles/innermost loop iter 
2.44 cycles/innermost loop iter 
2.45 cycles/innermost loop iter 
2.45 cycles/innermost loop iter 
2.44 cycles/innermost loop iter 
2.44 cycles/innermost loop iter 
2.45 cycles/innermost loop iter 
2.44 cycles/innermost loop iter 

* Info: Process finished (host lucasPc, process 29298)
* Info: Dumping samples (host lucasPc, process 29298)
* Info: Dumping source info for callchain nodes (host lucasPc, process 29298)
* Info: Building/writing metadata (host lucasPc)
* Info: Finished collect step (host lucasPc, process 29298)

Your experiment path is /home/lucas/AOA/maqao_2022-04-02_17-02-07/tools/lprof_npsu_run_0

To display your profiling results:
############################################################################################################################
#    LEVEL    |     REPORT     |                                          COMMAND                                          #
############################################################################################################################
#  Functions  |  Cluster-wide  |  maqao lprof -df xp=/home/lucas/AOA/maqao_2022-04-02_17-02-07/tools/lprof_npsu_run_0      #
#  Functions  |  Per-node      |  maqao lprof -df -dn xp=/home/lucas/AOA/maqao_2022-04-02_17-02-07/tools/lprof_npsu_run_0  #
#  Functions  |  Per-process   |  maqao lprof -df -dp xp=/home/lucas/AOA/maqao_2022-04-02_17-02-07/tools/lprof_npsu_run_0  #
#  Functions  |  Per-thread    |  maqao lprof -df -dt xp=/home/lucas/AOA/maqao_2022-04-02_17-02-07/tools/lprof_npsu_run_0  #
#  Loops      |  Cluster-wide  |  maqao lprof -dl xp=/home/lucas/AOA/maqao_2022-04-02_17-02-07/tools/lprof_npsu_run_0      #
#  Loops      |  Per-node      |  maqao lprof -dl -dn xp=/home/lucas/AOA/maqao_2022-04-02_17-02-07/tools/lprof_npsu_run_0  #
#  Loops      |  Per-process   |  maqao lprof -dl -dp xp=/home/lucas/AOA/maqao_2022-04-02_17-02-07/tools/lprof_npsu_run_0  #
#  Loops      |  Per-thread    |  maqao lprof -dl -dt xp=/home/lucas/AOA/maqao_2022-04-02_17-02-07/tools/lprof_npsu_run_0  #
############################################################################################################################

