
* Info: Selecting the 'perf-low-ppn' engine for node lucasPc

* Info: Process launched (host lucasPc, process 29174)3.43 cycles/innermost loop iter 
3.42 cycles/innermost loop iter 
3.42 cycles/innermost loop iter 
3.42 cycles/innermost loop iter 
3.49 cycles/innermost loop iter 
3.44 cycles/innermost loop iter 
3.42 cycles/innermost loop iter 
3.44 cycles/innermost loop iter 
3.44 cycles/innermost loop iter 
3.43 cycles/innermost loop iter 
3.42 cycles/innermost loop iter 
3.46 cycles/innermost loop iter 
3.42 cycles/innermost loop iter 
3.43 cycles/innermost loop iter 
3.41 cycles/innermost loop iter 
3.49 cycles/innermost loop iter 
3.42 cycles/innermost loop iter 
3.42 cycles/innermost loop iter 
3.40 cycles/innermost loop iter 
3.42 cycles/innermost loop iter 
3.42 cycles/innermost loop iter 
3.42 cycles/innermost loop iter 
3.40 cycles/innermost loop iter 
3.42 cycles/innermost loop iter 
3.40 cycles/innermost loop iter 
3.54 cycles/innermost loop iter 
3.43 cycles/innermost loop iter 
3.41 cycles/innermost loop iter 
3.40 cycles/innermost loop iter 
3.43 cycles/innermost loop iter 
3.41 cycles/innermost loop iter 

* Info: Process finished (host lucasPc, process 29174)
* Info: Dumping samples (host lucasPc, process 29174)
* Info: Dumping source info for callchain nodes (host lucasPc, process 29174)
* Info: Building/writing metadata (host lucasPc)
* Info: Finished collect step (host lucasPc, process 29174)

Your experiment path is /home/lucas/AOA/maqao_2022-04-02_16-56-14/tools/lprof_npsu_run_0

To display your profiling results:
############################################################################################################################
#    LEVEL    |     REPORT     |                                          COMMAND                                          #
############################################################################################################################
#  Functions  |  Cluster-wide  |  maqao lprof -df xp=/home/lucas/AOA/maqao_2022-04-02_16-56-14/tools/lprof_npsu_run_0      #
#  Functions  |  Per-node      |  maqao lprof -df -dn xp=/home/lucas/AOA/maqao_2022-04-02_16-56-14/tools/lprof_npsu_run_0  #
#  Functions  |  Per-process   |  maqao lprof -df -dp xp=/home/lucas/AOA/maqao_2022-04-02_16-56-14/tools/lprof_npsu_run_0  #
#  Functions  |  Per-thread    |  maqao lprof -df -dt xp=/home/lucas/AOA/maqao_2022-04-02_16-56-14/tools/lprof_npsu_run_0  #
#  Loops      |  Cluster-wide  |  maqao lprof -dl xp=/home/lucas/AOA/maqao_2022-04-02_16-56-14/tools/lprof_npsu_run_0      #
#  Loops      |  Per-node      |  maqao lprof -dl -dn xp=/home/lucas/AOA/maqao_2022-04-02_16-56-14/tools/lprof_npsu_run_0  #
#  Loops      |  Per-process   |  maqao lprof -dl -dp xp=/home/lucas/AOA/maqao_2022-04-02_16-56-14/tools/lprof_npsu_run_0  #
#  Loops      |  Per-thread    |  maqao lprof -dl -dt xp=/home/lucas/AOA/maqao_2022-04-02_16-56-14/tools/lprof_npsu_run_0  #
############################################################################################################################

