
* Info: Selecting the 'perf-low-ppn' engine for node knl07

* Info: Process launched (host knl07, process 197495)294680.62 cycles
295950.24 cycles
294371.81 cycles
294426.51 cycles
294416.85 cycles
294307.55 cycles
294291.27 cycles
294362.84 cycles
294479.70 cycles
294371.31 cycles
294301.83 cycles
294323.51 cycles
294372.60 cycles
294370.59 cycles
294317.31 cycles
294370.92 cycles
294271.89 cycles
294598.25 cycles
294328.50 cycles
294345.17 cycles
294708.06 cycles
294372.99 cycles
294375.59 cycles
294366.66 cycles
294542.01 cycles
294293.40 cycles
294596.92 cycles
294370.47 cycles
294345.98 cycles
294338.44 cycles
294320.29 cycles

* Info: Process finished (host knl07, process 197495)
* Info: Dumping samples (host knl07, process 197495)
* Info: Dumping source info for callchain nodes (host knl07, process 197495)
* Info: Building/writing metadata (host knl07)
* Info: Finished collect step (host knl07, process 197495)

Your experiment path is /users/user4427/AOA_Etude_de_cas/demo/maqao_2022-04-01_11-28-09/tools/lprof_npsu_run_0

To display your profiling results:
##################################################################################################################################################
#    LEVEL    |     REPORT     |                                                     COMMAND                                                     #
##################################################################################################################################################
#  Functions  |  Cluster-wide  |  maqao lprof -df xp=/users/user4427/AOA_Etude_de_cas/demo/maqao_2022-04-01_11-28-09/tools/lprof_npsu_run_0      #
#  Functions  |  Per-node      |  maqao lprof -df -dn xp=/users/user4427/AOA_Etude_de_cas/demo/maqao_2022-04-01_11-28-09/tools/lprof_npsu_run_0  #
#  Functions  |  Per-process   |  maqao lprof -df -dp xp=/users/user4427/AOA_Etude_de_cas/demo/maqao_2022-04-01_11-28-09/tools/lprof_npsu_run_0  #
#  Functions  |  Per-thread    |  maqao lprof -df -dt xp=/users/user4427/AOA_Etude_de_cas/demo/maqao_2022-04-01_11-28-09/tools/lprof_npsu_run_0  #
#  Loops      |  Cluster-wide  |  maqao lprof -dl xp=/users/user4427/AOA_Etude_de_cas/demo/maqao_2022-04-01_11-28-09/tools/lprof_npsu_run_0      #
#  Loops      |  Per-node      |  maqao lprof -dl -dn xp=/users/user4427/AOA_Etude_de_cas/demo/maqao_2022-04-01_11-28-09/tools/lprof_npsu_run_0  #
#  Loops      |  Per-process   |  maqao lprof -dl -dp xp=/users/user4427/AOA_Etude_de_cas/demo/maqao_2022-04-01_11-28-09/tools/lprof_npsu_run_0  #
#  Loops      |  Per-thread    |  maqao lprof -dl -dt xp=/users/user4427/AOA_Etude_de_cas/demo/maqao_2022-04-01_11-28-09/tools/lprof_npsu_run_0  #
##################################################################################################################################################

