
* Info: Selecting the 'perf-low-ppn' engine for node lucasPc

* Info: Process launched (host lucasPc, process 32022)4.81 cycles/innermost loop iter 
4.82 cycles/innermost loop iter 
4.85 cycles/innermost loop iter 
4.86 cycles/innermost loop iter 
4.84 cycles/innermost loop iter 
4.82 cycles/innermost loop iter 
4.83 cycles/innermost loop iter 
4.84 cycles/innermost loop iter 
4.87 cycles/innermost loop iter 
4.82 cycles/innermost loop iter 
4.84 cycles/innermost loop iter 
4.83 cycles/innermost loop iter 
4.85 cycles/innermost loop iter 
4.83 cycles/innermost loop iter 
4.83 cycles/innermost loop iter 
4.80 cycles/innermost loop iter 
4.82 cycles/innermost loop iter 
4.83 cycles/innermost loop iter 
4.82 cycles/innermost loop iter 
4.83 cycles/innermost loop iter 
4.82 cycles/innermost loop iter 
4.81 cycles/innermost loop iter 
4.86 cycles/innermost loop iter 
4.81 cycles/innermost loop iter 
4.83 cycles/innermost loop iter 
4.88 cycles/innermost loop iter 
4.84 cycles/innermost loop iter 
4.83 cycles/innermost loop iter 
4.82 cycles/innermost loop iter 
4.84 cycles/innermost loop iter 
4.85 cycles/innermost loop iter 

* Info: Process finished (host lucasPc, process 32022)
* Info: Dumping samples (host lucasPc, process 32022)
* Info: Dumping source info for callchain nodes (host lucasPc, process 32022)
* Info: Building/writing metadata (host lucasPc)
* Info: Finished collect step (host lucasPc, process 32022)

Your experiment path is /home/lucas/AOA/maqao_2022-04-02_18-15-14/tools/lprof_npsu_run_0

To display your profiling results:
############################################################################################################################
#    LEVEL    |     REPORT     |                                          COMMAND                                          #
############################################################################################################################
#  Functions  |  Cluster-wide  |  maqao lprof -df xp=/home/lucas/AOA/maqao_2022-04-02_18-15-14/tools/lprof_npsu_run_0      #
#  Functions  |  Per-node      |  maqao lprof -df -dn xp=/home/lucas/AOA/maqao_2022-04-02_18-15-14/tools/lprof_npsu_run_0  #
#  Functions  |  Per-process   |  maqao lprof -df -dp xp=/home/lucas/AOA/maqao_2022-04-02_18-15-14/tools/lprof_npsu_run_0  #
#  Functions  |  Per-thread    |  maqao lprof -df -dt xp=/home/lucas/AOA/maqao_2022-04-02_18-15-14/tools/lprof_npsu_run_0  #
#  Loops      |  Cluster-wide  |  maqao lprof -dl xp=/home/lucas/AOA/maqao_2022-04-02_18-15-14/tools/lprof_npsu_run_0      #
#  Loops      |  Per-node      |  maqao lprof -dl -dn xp=/home/lucas/AOA/maqao_2022-04-02_18-15-14/tools/lprof_npsu_run_0  #
#  Loops      |  Per-process   |  maqao lprof -dl -dp xp=/home/lucas/AOA/maqao_2022-04-02_18-15-14/tools/lprof_npsu_run_0  #
#  Loops      |  Per-thread    |  maqao lprof -dl -dt xp=/home/lucas/AOA/maqao_2022-04-02_18-15-14/tools/lprof_npsu_run_0  #
############################################################################################################################

