
* Info: Selecting the 'perf-low-ppn' engine for node lucasPc

* Info: Process launched (host lucasPc, process 28986)2.25 cycles/innermost loop iter 
2.26 cycles/innermost loop iter 
2.28 cycles/innermost loop iter 
2.26 cycles/innermost loop iter 
2.41 cycles/innermost loop iter 
2.27 cycles/innermost loop iter 
2.26 cycles/innermost loop iter 
2.34 cycles/innermost loop iter 
2.27 cycles/innermost loop iter 
2.27 cycles/innermost loop iter 
2.26 cycles/innermost loop iter 
2.27 cycles/innermost loop iter 
2.25 cycles/innermost loop iter 
2.28 cycles/innermost loop iter 
2.26 cycles/innermost loop iter 
2.26 cycles/innermost loop iter 
2.25 cycles/innermost loop iter 
2.26 cycles/innermost loop iter 
2.27 cycles/innermost loop iter 
2.26 cycles/innermost loop iter 
2.27 cycles/innermost loop iter 
2.25 cycles/innermost loop iter 
2.28 cycles/innermost loop iter 
2.27 cycles/innermost loop iter 
2.26 cycles/innermost loop iter 
2.26 cycles/innermost loop iter 
2.26 cycles/innermost loop iter 
2.25 cycles/innermost loop iter 
2.26 cycles/innermost loop iter 
2.32 cycles/innermost loop iter 
2.26 cycles/innermost loop iter 

* Info: Process finished (host lucasPc, process 28986)
* Info: Dumping samples (host lucasPc, process 28986)
* Info: Dumping source info for callchain nodes (host lucasPc, process 28986)
* Info: Building/writing metadata (host lucasPc)
* Info: Finished collect step (host lucasPc, process 28986)

Your experiment path is /home/lucas/AOA/maqao_2022-04-02_16-50-46/tools/lprof_npsu_run_0

To display your profiling results:
############################################################################################################################
#    LEVEL    |     REPORT     |                                          COMMAND                                          #
############################################################################################################################
#  Functions  |  Cluster-wide  |  maqao lprof -df xp=/home/lucas/AOA/maqao_2022-04-02_16-50-46/tools/lprof_npsu_run_0      #
#  Functions  |  Per-node      |  maqao lprof -df -dn xp=/home/lucas/AOA/maqao_2022-04-02_16-50-46/tools/lprof_npsu_run_0  #
#  Functions  |  Per-process   |  maqao lprof -df -dp xp=/home/lucas/AOA/maqao_2022-04-02_16-50-46/tools/lprof_npsu_run_0  #
#  Functions  |  Per-thread    |  maqao lprof -df -dt xp=/home/lucas/AOA/maqao_2022-04-02_16-50-46/tools/lprof_npsu_run_0  #
#  Loops      |  Cluster-wide  |  maqao lprof -dl xp=/home/lucas/AOA/maqao_2022-04-02_16-50-46/tools/lprof_npsu_run_0      #
#  Loops      |  Per-node      |  maqao lprof -dl -dn xp=/home/lucas/AOA/maqao_2022-04-02_16-50-46/tools/lprof_npsu_run_0  #
#  Loops      |  Per-process   |  maqao lprof -dl -dp xp=/home/lucas/AOA/maqao_2022-04-02_16-50-46/tools/lprof_npsu_run_0  #
#  Loops      |  Per-thread    |  maqao lprof -dl -dt xp=/home/lucas/AOA/maqao_2022-04-02_16-50-46/tools/lprof_npsu_run_0  #
############################################################################################################################

