
* Info: Selecting the 'perf-low-ppn' engine for node knl03

* Info: Process launched (host knl03, process 1148598)
[1mTotal memory size:[0m 393216 B, 384 KiB, 0 MiB

[1m Step    Time, s Interact/s  GFLOP/s[0m
    0  9.657e+00  2.780e+07      0.6 *
    1  9.655e+00  2.780e+07      0.6 *
    2  9.654e+00  2.780e+07      0.6 *
    3  9.654e+00  2.780e+07      0.6 
    4  9.654e+00  2.780e+07      0.6 
    5  9.653e+00  2.781e+07      0.6 
    6  9.654e+00  2.780e+07      0.6 
    7  9.655e+00  2.780e+07      0.6 
    8  9.655e+00  2.780e+07      0.6 
    9  9.655e+00  2.780e+07      0.6 
-----------------------------------------------------
[1mAverage performance:      [42m       0.6 +- -nan GFLOP/s[0m
-----------------------------------------------------

* Info: Process finished (host knl03, process 1148598)
* Info: Dumping samples (host knl03, process 1148598)
* Info: Dumping source info for callchain nodes (host knl03, process 1148598)
* Info: Building/writing metadata (host knl03)
* Info: Finished collect step (host knl03, process 1148598)

Your experiment path is /users/user4427/nbody3D/maqao_2022-03-03_22-12-01/tools/lprof_npsu_run_0

To display your profiling results:
#################################################################################################
#    LEVEL    |     REPORT     |                            COMMAND                             #
#################################################################################################
#  Functions  |  Cluster-wide  |  maqao lprof -df xp=/users/user4427/nbody3D/maqao_2022-03-03_  #
#  Functions  |  Per-node      |  maqao lprof -df -dn xp=/users/user4427/nbody3D/maqao_2022-03  #
#  Functions  |  Per-process   |  maqao lprof -df -dp xp=/users/user4427/nbody3D/maqao_2022-03  #
#  Functions  |  Per-thread    |  maqao lprof -df -dt xp=/users/user4427/nbody3D/maqao_2022-03  #
#  Loops      |  Cluster-wide  |  maqao lprof -dl xp=/users/user4427/nbody3D/maqao_2022-03-03_  #
#  Loops      |  Per-node      |  maqao lprof -dl -dn xp=/users/user4427/nbody3D/maqao_2022-03  #
#  Loops      |  Per-process   |  maqao lprof -dl -dp xp=/users/user4427/nbody3D/maqao_2022-03  #
#  Loops      |  Per-thread    |  maqao lprof -dl -dt xp=/users/user4427/nbody3D/maqao_2022-03  #
#################################################################################################

