
* Info: Selecting the 'perf-low-ppn' engine for node knl07

* Info: Process launched (host knl07, process 213968)16.91 cycles/innermost loop iter 
16.96 cycles/innermost loop iter 
16.93 cycles/innermost loop iter 
16.90 cycles/innermost loop iter 
16.91 cycles/innermost loop iter 
16.90 cycles/innermost loop iter 
16.90 cycles/innermost loop iter 
16.89 cycles/innermost loop iter 
16.91 cycles/innermost loop iter 
16.91 cycles/innermost loop iter 
16.91 cycles/innermost loop iter 
16.90 cycles/innermost loop iter 
16.90 cycles/innermost loop iter 
16.90 cycles/innermost loop iter 
16.89 cycles/innermost loop iter 
16.90 cycles/innermost loop iter 
16.90 cycles/innermost loop iter 
16.89 cycles/innermost loop iter 
16.89 cycles/innermost loop iter 
16.91 cycles/innermost loop iter 
16.92 cycles/innermost loop iter 
16.93 cycles/innermost loop iter 
16.92 cycles/innermost loop iter 
16.90 cycles/innermost loop iter 
16.91 cycles/innermost loop iter 
16.92 cycles/innermost loop iter 
16.90 cycles/innermost loop iter 
16.90 cycles/innermost loop iter 
16.92 cycles/innermost loop iter 
16.93 cycles/innermost loop iter 
16.91 cycles/innermost loop iter 

* Info: Process finished (host knl07, process 213968)
* Info: Dumping samples (host knl07, process 213968)
* Info: Dumping source info for callchain nodes (host knl07, process 213968)
* Info: Building/writing metadata (host knl07)
* Info: Finished collect step (host knl07, process 213968)

Your experiment path is /users/user4427/AOA_Etude_de_cas/maqao_2022-04-02_17-45-16/tools/lprof_npsu_run_0

To display your profiling results:
#############################################################################################################################################
#    LEVEL    |     REPORT     |                                                  COMMAND                                                   #
#############################################################################################################################################
#  Functions  |  Cluster-wide  |  maqao lprof -df xp=/users/user4427/AOA_Etude_de_cas/maqao_2022-04-02_17-45-16/tools/lprof_npsu_run_0      #
#  Functions  |  Per-node      |  maqao lprof -df -dn xp=/users/user4427/AOA_Etude_de_cas/maqao_2022-04-02_17-45-16/tools/lprof_npsu_run_0  #
#  Functions  |  Per-process   |  maqao lprof -df -dp xp=/users/user4427/AOA_Etude_de_cas/maqao_2022-04-02_17-45-16/tools/lprof_npsu_run_0  #
#  Functions  |  Per-thread    |  maqao lprof -df -dt xp=/users/user4427/AOA_Etude_de_cas/maqao_2022-04-02_17-45-16/tools/lprof_npsu_run_0  #
#  Loops      |  Cluster-wide  |  maqao lprof -dl xp=/users/user4427/AOA_Etude_de_cas/maqao_2022-04-02_17-45-16/tools/lprof_npsu_run_0      #
#  Loops      |  Per-node      |  maqao lprof -dl -dn xp=/users/user4427/AOA_Etude_de_cas/maqao_2022-04-02_17-45-16/tools/lprof_npsu_run_0  #
#  Loops      |  Per-process   |  maqao lprof -dl -dp xp=/users/user4427/AOA_Etude_de_cas/maqao_2022-04-02_17-45-16/tools/lprof_npsu_run_0  #
#  Loops      |  Per-thread    |  maqao lprof -dl -dt xp=/users/user4427/AOA_Etude_de_cas/maqao_2022-04-02_17-45-16/tools/lprof_npsu_run_0  #
#############################################################################################################################################

