
* Info: Selecting the 'perf-low-ppn' engine for node lucasPc

* Info: Process launched (host lucasPc, process 32046)5.38 cycles/innermost loop iter 
4.02 cycles/innermost loop iter 
3.83 cycles/innermost loop iter 
4.25 cycles/innermost loop iter 
4.40 cycles/innermost loop iter 
4.68 cycles/innermost loop iter 
4.17 cycles/innermost loop iter 
3.99 cycles/innermost loop iter 
4.98 cycles/innermost loop iter 
3.93 cycles/innermost loop iter 
4.10 cycles/innermost loop iter 
3.88 cycles/innermost loop iter 
3.86 cycles/innermost loop iter 
5.10 cycles/innermost loop iter 
3.81 cycles/innermost loop iter 
3.81 cycles/innermost loop iter 
3.83 cycles/innermost loop iter 
3.85 cycles/innermost loop iter 
3.82 cycles/innermost loop iter 
3.88 cycles/innermost loop iter 
4.02 cycles/innermost loop iter 
4.00 cycles/innermost loop iter 
4.01 cycles/innermost loop iter 
4.04 cycles/innermost loop iter 
4.05 cycles/innermost loop iter 
4.04 cycles/innermost loop iter 
4.00 cycles/innermost loop iter 
4.01 cycles/innermost loop iter 
4.04 cycles/innermost loop iter 
4.04 cycles/innermost loop iter 
4.02 cycles/innermost loop iter 

* Info: Process finished (host lucasPc, process 32046)
* Info: Dumping samples (host lucasPc, process 32046)
* Info: Dumping source info for callchain nodes (host lucasPc, process 32046)
* Info: Building/writing metadata (host lucasPc)
* Info: Finished collect step (host lucasPc, process 32046)

Your experiment path is /home/lucas/AOA/maqao_2022-04-02_18-16-07/tools/lprof_npsu_run_0

To display your profiling results:
############################################################################################################################
#    LEVEL    |     REPORT     |                                          COMMAND                                          #
############################################################################################################################
#  Functions  |  Cluster-wide  |  maqao lprof -df xp=/home/lucas/AOA/maqao_2022-04-02_18-16-07/tools/lprof_npsu_run_0      #
#  Functions  |  Per-node      |  maqao lprof -df -dn xp=/home/lucas/AOA/maqao_2022-04-02_18-16-07/tools/lprof_npsu_run_0  #
#  Functions  |  Per-process   |  maqao lprof -df -dp xp=/home/lucas/AOA/maqao_2022-04-02_18-16-07/tools/lprof_npsu_run_0  #
#  Functions  |  Per-thread    |  maqao lprof -df -dt xp=/home/lucas/AOA/maqao_2022-04-02_18-16-07/tools/lprof_npsu_run_0  #
#  Loops      |  Cluster-wide  |  maqao lprof -dl xp=/home/lucas/AOA/maqao_2022-04-02_18-16-07/tools/lprof_npsu_run_0      #
#  Loops      |  Per-node      |  maqao lprof -dl -dn xp=/home/lucas/AOA/maqao_2022-04-02_18-16-07/tools/lprof_npsu_run_0  #
#  Loops      |  Per-process   |  maqao lprof -dl -dp xp=/home/lucas/AOA/maqao_2022-04-02_18-16-07/tools/lprof_npsu_run_0  #
#  Loops      |  Per-thread    |  maqao lprof -dl -dt xp=/home/lucas/AOA/maqao_2022-04-02_18-16-07/tools/lprof_npsu_run_0  #
############################################################################################################################

