
* Info: Selecting the 'perf-low-ppn' engine for node knl07

* Info: Process launched (host knl07, process 204835)8.27 cycles/innermost loop iter
7.01 cycles/innermost loop iter
8.24 cycles/innermost loop iter
7.01 cycles/innermost loop iter
8.24 cycles/innermost loop iter
7.01 cycles/innermost loop iter
8.24 cycles/innermost loop iter
7.01 cycles/innermost loop iter
8.24 cycles/innermost loop iter
7.15 cycles/innermost loop iter
8.24 cycles/innermost loop iter
7.01 cycles/innermost loop iter
8.24 cycles/innermost loop iter
7.00 cycles/innermost loop iter
8.25 cycles/innermost loop iter
7.01 cycles/innermost loop iter
8.25 cycles/innermost loop iter
7.01 cycles/innermost loop iter
8.24 cycles/innermost loop iter
7.02 cycles/innermost loop iter
8.24 cycles/innermost loop iter
7.01 cycles/innermost loop iter
8.25 cycles/innermost loop iter
7.00 cycles/innermost loop iter
8.24 cycles/innermost loop iter
7.01 cycles/innermost loop iter
8.24 cycles/innermost loop iter
7.01 cycles/innermost loop iter
8.25 cycles/innermost loop iter
7.01 cycles/innermost loop iter
8.24 cycles/innermost loop iter

* Info: Process finished (host knl07, process 204835)
* Info: Dumping samples (host knl07, process 204835)
* Info: Dumping source info for callchain nodes (host knl07, process 204835)
* Info: Building/writing metadata (host knl07)
* Info: Finished collect step (host knl07, process 204835)

Your experiment path is /users/user4427/AOA_Etude_de_cas/demo/maqao_2022-04-01_13-56-24/tools/lprof_npsu_run_0

To display your profiling results:
##################################################################################################################################################
#    LEVEL    |     REPORT     |                                                     COMMAND                                                     #
##################################################################################################################################################
#  Functions  |  Cluster-wide  |  maqao lprof -df xp=/users/user4427/AOA_Etude_de_cas/demo/maqao_2022-04-01_13-56-24/tools/lprof_npsu_run_0      #
#  Functions  |  Per-node      |  maqao lprof -df -dn xp=/users/user4427/AOA_Etude_de_cas/demo/maqao_2022-04-01_13-56-24/tools/lprof_npsu_run_0  #
#  Functions  |  Per-process   |  maqao lprof -df -dp xp=/users/user4427/AOA_Etude_de_cas/demo/maqao_2022-04-01_13-56-24/tools/lprof_npsu_run_0  #
#  Functions  |  Per-thread    |  maqao lprof -df -dt xp=/users/user4427/AOA_Etude_de_cas/demo/maqao_2022-04-01_13-56-24/tools/lprof_npsu_run_0  #
#  Loops      |  Cluster-wide  |  maqao lprof -dl xp=/users/user4427/AOA_Etude_de_cas/demo/maqao_2022-04-01_13-56-24/tools/lprof_npsu_run_0      #
#  Loops      |  Per-node      |  maqao lprof -dl -dn xp=/users/user4427/AOA_Etude_de_cas/demo/maqao_2022-04-01_13-56-24/tools/lprof_npsu_run_0  #
#  Loops      |  Per-process   |  maqao lprof -dl -dp xp=/users/user4427/AOA_Etude_de_cas/demo/maqao_2022-04-01_13-56-24/tools/lprof_npsu_run_0  #
#  Loops      |  Per-thread    |  maqao lprof -dl -dt xp=/users/user4427/AOA_Etude_de_cas/demo/maqao_2022-04-01_13-56-24/tools/lprof_npsu_run_0  #
##################################################################################################################################################

