
* Info: Selecting the 'perf-low-ppn' engine for node knl07

* Info: Process launched (host knl07, process 222494)24.99 cycles/innermost loop iter 
24.65 cycles/innermost loop iter 
24.62 cycles/innermost loop iter 
24.61 cycles/innermost loop iter 
24.61 cycles/innermost loop iter 
24.61 cycles/innermost loop iter 
24.65 cycles/innermost loop iter 
24.65 cycles/innermost loop iter 
24.63 cycles/innermost loop iter 
24.60 cycles/innermost loop iter 
24.60 cycles/innermost loop iter 
24.61 cycles/innermost loop iter 
24.64 cycles/innermost loop iter 
24.62 cycles/innermost loop iter 
24.61 cycles/innermost loop iter 
24.64 cycles/innermost loop iter 
24.62 cycles/innermost loop iter 
24.65 cycles/innermost loop iter 
24.60 cycles/innermost loop iter 
24.61 cycles/innermost loop iter 
24.62 cycles/innermost loop iter 
24.61 cycles/innermost loop iter 
24.64 cycles/innermost loop iter 
24.60 cycles/innermost loop iter 
24.62 cycles/innermost loop iter 
24.60 cycles/innermost loop iter 
24.68 cycles/innermost loop iter 
24.64 cycles/innermost loop iter 
24.61 cycles/innermost loop iter 
24.63 cycles/innermost loop iter 
24.62 cycles/innermost loop iter 

* Info: Process finished (host knl07, process 222494)
* Info: Dumping samples (host knl07, process 222494)
* Info: Dumping source info for callchain nodes (host knl07, process 222494)
* Info: Building/writing metadata (host knl07)
* Info: Finished collect step (host knl07, process 222494)

Your experiment path is /users/user4442/AOA_Etude_de_cas/maqao_2022-04-02_19-03-40/tools/lprof_npsu_run_0

To display your profiling results:
#############################################################################################################################################
#    LEVEL    |     REPORT     |                                                  COMMAND                                                   #
#############################################################################################################################################
#  Functions  |  Cluster-wide  |  maqao lprof -df xp=/users/user4442/AOA_Etude_de_cas/maqao_2022-04-02_19-03-40/tools/lprof_npsu_run_0      #
#  Functions  |  Per-node      |  maqao lprof -df -dn xp=/users/user4442/AOA_Etude_de_cas/maqao_2022-04-02_19-03-40/tools/lprof_npsu_run_0  #
#  Functions  |  Per-process   |  maqao lprof -df -dp xp=/users/user4442/AOA_Etude_de_cas/maqao_2022-04-02_19-03-40/tools/lprof_npsu_run_0  #
#  Functions  |  Per-thread    |  maqao lprof -df -dt xp=/users/user4442/AOA_Etude_de_cas/maqao_2022-04-02_19-03-40/tools/lprof_npsu_run_0  #
#  Loops      |  Cluster-wide  |  maqao lprof -dl xp=/users/user4442/AOA_Etude_de_cas/maqao_2022-04-02_19-03-40/tools/lprof_npsu_run_0      #
#  Loops      |  Per-node      |  maqao lprof -dl -dn xp=/users/user4442/AOA_Etude_de_cas/maqao_2022-04-02_19-03-40/tools/lprof_npsu_run_0  #
#  Loops      |  Per-process   |  maqao lprof -dl -dp xp=/users/user4442/AOA_Etude_de_cas/maqao_2022-04-02_19-03-40/tools/lprof_npsu_run_0  #
#  Loops      |  Per-thread    |  maqao lprof -dl -dt xp=/users/user4442/AOA_Etude_de_cas/maqao_2022-04-02_19-03-40/tools/lprof_npsu_run_0  #
#############################################################################################################################################

